fallbackSort icount: 2547275
sendMTFValues icount: 1480045
fallbackQSort3 icount: 1288846
BZ2_hbMakeCodeLengths icount: 960949
fallbackSimpleSort icount: 424864
copy_input_until_stop icount: 384560
generateMTFValues icount: 266623
bsW icount: 130586
do_lookup_x icount: 80379
add_pair_to_block icount: 67179
default_bzalloc icount: 59511
copy_output_until_stop icount: 53388
BZ2_hbAssignCodes icount: 33898
strcmp icount: 32478
_dl_lookup_symbol_x icount: 31872
bsearch icount: 24241
check_match.12447 icount: 17058
BZ2_blockSort icount: 14959
_dl_name_match_p icount: 7855
_dl_check_map_versions icount: 3726
_dl_map_object_from_fd icount: 3660
_dl_fixup icount: 3544
getenv icount: 3495
_dl_cache_libcmp icount: 3321
makeMaps_e icount: 3239
_dl_map_object_deps icount: 2714
_int_malloc icount: 2261
_dl_map_object icount: 2140
__new_exitfn icount: 1931
prepare_new_block icount: 1814
__strcmp_sse42 icount: 1808
memset icount: 1667
main icount: 1621
strlen icount: 1448
open_verify icount: 1360
dl_main icount: 1320
open_path icount: 1290
_fini icount: 1273
mempcpy icount: 1172
__strspn_sse42 icount: 1098
_dl_load_cache_lookup icount: 1081
__libc_memalign icount: 1057
.plt icount: 1014
_int_free icount: 1004
_dl_runtime_resolve icount: 924
_dl_sort_fini icount: 754
memcpy icount: 750
bsFinishWrite icount: 719
malloc_consolidate icount: 670
malloc icount: 645
_init icount: 627
index icount: 612
decompose_rpath icount: 534
__GI___libc_sigaction icount: 529
_IO_ferror icount: 475
memmove icount: 468
_IO_un_link icount: 444
__libc_pthread_init icount: 443
_dl_catch_error icount: 432
fillin_rpath icount: 432
call_gmon_start icount: 414
_dl_init_paths icount: 387
_IO_link_in icount: 385
_dl_fini icount: 384
_dl_start icount: 371
_dl_sysdep_start icount: 370
__strstr_sse42 icount: 366
_dl_allocate_tls_storage icount: 332
_dl_important_hwcaps icount: 328
sYSMALLOc icount: 311
__GI_strlen icount: 304
__libc_free icount: 285
ptmalloc_init icount: 283
fclose icount: 280
.plt icount: 274
strcpy icount: 261
stat icount: 258
mempcpy icount: 241
_IO_file_fopen icount: 228
__sigsetjmp icount: 228
_dl_next_ld_env_entry icount: 223
__strstr_sse2 icount: 219
compress icount: 210
bsPutUChar icount: 208
BZ2_bzWrite icount: 204
openaux icount: 204
_dl_init icount: 200
__do_global_dtors_aux icount: 191
_IO_file_close_it icount: 185
__pthread_initialize_minimal icount: 183
__libc_open icount: 179
handle_compress icount: 171
BZ2_compressBlock icount: 168
BZ2_bzCompressInit icount: 159
BZ2_bzWriteClose64 icount: 156
compressStream icount: 151
process_envvars icount: 150
__cxa_atexit icount: 149
_pthread_cleanup_push_defer icount: 146
BZ2_bzCompress icount: 145
__GI___xstat icount: 143
__cxa_finalize icount: 141
snocString icount: 138
calloc icount: 135
_IO_no_init icount: 132
_pthread_cleanup_pop_restore icount: 132
__libc_sigaction icount: 128
hasSuffix icount: 128
_IO_setb icount: 126
_IO_getc icount: 125
_IO_file_underflow icount: 121
_dl_allocate_tls_init icount: 119
__fopen_internal icount: 117
_IO_fread icount: 116
malloc icount: 114
popcount_cpucount icount: 113
frame_dummy icount: 113
copyFileName icount: 105
initialize_env icount: 97
_IO_old_init icount: 96
.plt icount: 93
_IO_fdopen icount: 91
__mmap icount: 90
memcmp icount: 89
BZ2_bzWriteOpen icount: 88
_dl_determine_tlsoffset icount: 87
__strncmp_sse42 icount: 87
_IO_do_write icount: 85
mmap icount: 84
myMalloc icount: 84
_IO_fflush icount: 82
ungetc icount: 82
_IO_file_seekoff icount: 80
_IO_file_doallocate icount: 80
_IO_file_xsgetn icount: 80
init_tls icount: 80
_IO_flush_all_lockp icount: 77
_wordcopy_fwd_aligned icount: 72
BZ2_bzCompressEnd icount: 68
bsPutUInt32 icount: 68
_dl_debug_initialize icount: 68
_dl_discover_osversion icount: 65
_IO_fwrite icount: 64
__unregister_atfork icount: 63
__register_atfork icount: 60
_dl_vdso_vsym icount: 60
alloc_perturb icount: 60
_IO_switch_to_get_mode icount: 60
_IO_file_xsputn icount: 58
__libc_start_main icount: 57
_IO_default_finish icount: 56
.plt icount: 56
_IO_cleanup icount: 53
_init icount: 52
__pthread_mutex_unlock icount: 52
parse_boolean icount: 51
exit icount: 51
__uflow icount: 51
strdup icount: 51
myfeof icount: 50
default_bzfree icount: 48
__sigaction icount: 48
parse_unsigned_long icount: 48
_dl_add_to_slotinfo icount: 48
__pthread_mutex_lock icount: 46
parse_stacksize icount: 46
_IO_file_overflow icount: 44
_dl_sysdep_read_whole_file icount: 42
.plt icount: 40
mprotect icount: 40
fileExists icount: 40
mkCell icount: 39
_IO_default_xsputn icount: 39
_IO_file_write icount: 37
_IO_file_sync icount: 36
__libc_csu_init icount: 34
expand_dynamic_string_token icount: 33
applySavedMetaInfoToOutputFile icount: 33
_IO_file_finish icount: 32
__do_global_dtors_aux icount: 31
_IO_file_attach icount: 30
_IO_sputbackc icount: 30
_dl_receive_error icount: 28
fcntl icount: 26
addFlagsFromEnvVar icount: 26
__underflow icount: 26
_IO_doallocbuf icount: 26
__libc_close icount: 25
munmap icount: 25
_IO_unsave_markers icount: 25
fopen_output_safely icount: 25
brk icount: 24
__init_misc icount: 24
__do_global_dtors_aux icount: 23
__do_global_ctors_aux icount: 23
flush_RL icount: 22
isempty_RL icount: 20
pthread_key_create icount: 20
pthread_getaffinity_np icount: 20
__xstat icount: 20
_IO_default_uflow icount: 20
__read icount: 20
__memset_x86_64 icount: 20
__close_nocancel icount: 20
__sigsetjmp icount: 18
init_RL icount: 18
_IO_file_read icount: 18
sbrk icount: 17
pthread_attr_init icount: 17
__memset_sse2 icount: 16
gomp_init_num_threads icount: 16
__read_nocancel icount: 15
__open_nocancel icount: 15
pthread_key_delete icount: 14
__default_morecore icount: 14
register_tm_clones icount: 14
register_tm_clones icount: 13
saveInputFileMetaInfo icount: 13
_IO_file_close icount: 13
__libc_global_ctors icount: 13
rtld_lock_default_lock_recursive icount: 12
_dl_next_tls_modid icount: 12
__fopen_maybe_mmap icount: 12
rtld_lock_default_unlock_recursive icount: 12
getpagesize icount: 12
_start icount: 11
__do_global_ctors_aux icount: 11
access icount: 11
brk icount: 11
__do_global_ctors_aux icount: 11
version_check_doit icount: 10
initialize_team icount: 10
BZ2_bsInitWrite icount: 9
deregister_tm_clones icount: 9
__linkin_atfork icount: 9
deregister_tm_clones icount: 8
.plt icount: 8
remove icount: 8
_exit icount: 8
__do_global_dtors_aux icount: 8
_IO_file_stat icount: 8
malloc_hook_ini icount: 8
gomp_cpuset_popcount icount: 7
__strerror_r icount: 7
memmove icount: 7
_fini icount: 7
_IO_fopen icount: 6
_init icount: 6
strncat icount: 6
_init icount: 6
frame_dummy icount: 6
containsDubiousChars icount: 6
__libc_fini icount: 6
call_gmon_start icount: 6
__read icount: 6
call_gmon_start icount: 6
_IO_sgetn icount: 6
__write_nocancel icount: 5
__munmap icount: 5
chown icount: 5
unlink icount: 5
_dl_count_modids icount: 5
__secure_getenv icount: 5
chmod icount: 5
_dl_get_tls_static_info icount: 5
pthread_attr_setdetachstate icount: 5
bz_config_ok icount: 5
free icount: 5
utime icount: 5
__open_nocancel icount: 5
__lseek_nocancel icount: 5
_fini icount: 4
_fini icount: 4
_init icount: 4
frame_dummy icount: 3
__libc_dl_error_tsd icount: 3
frame_dummy icount: 3
team_destructor icount: 3
__open64 icount: 2
write icount: 2
_dl_debug_state icount: 2
_IO_file_seek icount: 2
llseek icount: 2
pthread_self icount: 2
_dl_sysdep_start_cleanup icount: 1
